CRITICAL - 2025-02-06 05:07:28 --> ErrorException: include(app/Views/v_dashboard.php): Failed to open stream: No such file or directory
[Method: GET, Route: Home]
in APPPATH\Views\v_template.php on line 108.
 1 APPPATH\Views\v_template.php(108): CodeIgniter\Debug\Exceptions->errorHandler(2, 'include(app/Views/v_dashboard.php): Failed to open stream: No such file or directory', 'C:\\xampp\\htdocs\\project-webgis\\app\\Views\\v_template.php', 108)
 2 APPPATH\Views\v_template.php(108): include()
 3 SYSTEMPATH\View\View.php(224): include('C:\\xampp\\htdocs\\project-webgis\\app\\Views\\v_template.php')
 4 SYSTEMPATH\View\View.php(227): CodeIgniter\View\View->CodeIgniter\View\{closure}()
 5 SYSTEMPATH\Common.php(1173): CodeIgniter\View\View->render('v_template', [], true)
 6 APPPATH\Controllers\Home.php(13): view('v_template', [...])
 7 SYSTEMPATH\CodeIgniter.php(933): App\Controllers\Home->index()
 8 SYSTEMPATH\CodeIgniter.php(507): CodeIgniter\CodeIgniter->runController(Object(App\Controllers\Home))
 9 SYSTEMPATH\CodeIgniter.php(354): CodeIgniter\CodeIgniter->handleRequest(null, Object(Config\Cache), false)
10 SYSTEMPATH\Boot.php(334): CodeIgniter\CodeIgniter->run()
11 SYSTEMPATH\Boot.php(67): CodeIgniter\Boot::runCodeIgniter(Object(CodeIgniter\CodeIgniter))
12 FCPATH\index.php(56): CodeIgniter\Boot::bootWeb(Object(Config\Paths))
CRITICAL - 2025-02-06 05:07:38 --> ErrorException: include(app/Views/v_dashboard.php): Failed to open stream: No such file or directory
[Method: GET, Route: Home]
in APPPATH\Views\v_template.php on line 107.
 1 APPPATH\Views\v_template.php(107): CodeIgniter\Debug\Exceptions->errorHandler(2, 'include(app/Views/v_dashboard.php): Failed to open stream: No such file or directory', 'C:\\xampp\\htdocs\\project-webgis\\app\\Views\\v_template.php', 107)
 2 APPPATH\Views\v_template.php(107): include()
 3 SYSTEMPATH\View\View.php(224): include('C:\\xampp\\htdocs\\project-webgis\\app\\Views\\v_template.php')
 4 SYSTEMPATH\View\View.php(227): CodeIgniter\View\View->CodeIgniter\View\{closure}()
 5 SYSTEMPATH\Common.php(1173): CodeIgniter\View\View->render('v_template', [], true)
 6 APPPATH\Controllers\Home.php(13): view('v_template', [...])
 7 SYSTEMPATH\CodeIgniter.php(933): App\Controllers\Home->index()
 8 SYSTEMPATH\CodeIgniter.php(507): CodeIgniter\CodeIgniter->runController(Object(App\Controllers\Home))
 9 SYSTEMPATH\CodeIgniter.php(354): CodeIgniter\CodeIgniter->handleRequest(null, Object(Config\Cache), false)
10 SYSTEMPATH\Boot.php(334): CodeIgniter\CodeIgniter->run()
11 SYSTEMPATH\Boot.php(67): CodeIgniter\Boot::runCodeIgniter(Object(CodeIgniter\CodeIgniter))
12 FCPATH\index.php(56): CodeIgniter\Boot::bootWeb(Object(Config\Paths))
CRITICAL - 2025-02-06 05:07:39 --> ErrorException: include(app/Views/v_dashboard.php): Failed to open stream: No such file or directory
[Method: GET, Route: Home]
in APPPATH\Views\v_template.php on line 107.
 1 APPPATH\Views\v_template.php(107): CodeIgniter\Debug\Exceptions->errorHandler(2, 'include(app/Views/v_dashboard.php): Failed to open stream: No such file or directory', 'C:\\xampp\\htdocs\\project-webgis\\app\\Views\\v_template.php', 107)
 2 APPPATH\Views\v_template.php(107): include()
 3 SYSTEMPATH\View\View.php(224): include('C:\\xampp\\htdocs\\project-webgis\\app\\Views\\v_template.php')
 4 SYSTEMPATH\View\View.php(227): CodeIgniter\View\View->CodeIgniter\View\{closure}()
 5 SYSTEMPATH\Common.php(1173): CodeIgniter\View\View->render('v_template', [], true)
 6 APPPATH\Controllers\Home.php(13): view('v_template', [...])
 7 SYSTEMPATH\CodeIgniter.php(933): App\Controllers\Home->index()
 8 SYSTEMPATH\CodeIgniter.php(507): CodeIgniter\CodeIgniter->runController(Object(App\Controllers\Home))
 9 SYSTEMPATH\CodeIgniter.php(354): CodeIgniter\CodeIgniter->handleRequest(null, Object(Config\Cache), false)
10 SYSTEMPATH\Boot.php(334): CodeIgniter\CodeIgniter->run()
11 SYSTEMPATH\Boot.php(67): CodeIgniter\Boot::runCodeIgniter(Object(CodeIgniter\CodeIgniter))
12 FCPATH\index.php(56): CodeIgniter\Boot::bootWeb(Object(Config\Paths))
CRITICAL - 2025-02-06 05:07:40 --> ErrorException: include(app/Views/v_dashboard.php): Failed to open stream: No such file or directory
[Method: GET, Route: Home]
in APPPATH\Views\v_template.php on line 107.
 1 APPPATH\Views\v_template.php(107): CodeIgniter\Debug\Exceptions->errorHandler(2, 'include(app/Views/v_dashboard.php): Failed to open stream: No such file or directory', 'C:\\xampp\\htdocs\\project-webgis\\app\\Views\\v_template.php', 107)
 2 APPPATH\Views\v_template.php(107): include()
 3 SYSTEMPATH\View\View.php(224): include('C:\\xampp\\htdocs\\project-webgis\\app\\Views\\v_template.php')
 4 SYSTEMPATH\View\View.php(227): CodeIgniter\View\View->CodeIgniter\View\{closure}()
 5 SYSTEMPATH\Common.php(1173): CodeIgniter\View\View->render('v_template', [], true)
 6 APPPATH\Controllers\Home.php(13): view('v_template', [...])
 7 SYSTEMPATH\CodeIgniter.php(933): App\Controllers\Home->index()
 8 SYSTEMPATH\CodeIgniter.php(507): CodeIgniter\CodeIgniter->runController(Object(App\Controllers\Home))
 9 SYSTEMPATH\CodeIgniter.php(354): CodeIgniter\CodeIgniter->handleRequest(null, Object(Config\Cache), false)
10 SYSTEMPATH\Boot.php(334): CodeIgniter\CodeIgniter->run()
11 SYSTEMPATH\Boot.php(67): CodeIgniter\Boot::runCodeIgniter(Object(CodeIgniter\CodeIgniter))
12 FCPATH\index.php(56): CodeIgniter\Boot::bootWeb(Object(Config\Paths))
